-------------------------------------------------------------------------------
Test set: pe.edu.pucp.inf30.RedPUCP.test.dao.Comunidad.ComunidadDAOTest
-------------------------------------------------------------------------------
Tests run: 1, Failures: 0, Errors: 1, Skipped: 0, Time elapsed: 2.701 s <<< FAILURE! -- in pe.edu.pucp.inf30.RedPUCP.test.dao.Comunidad.ComunidadDAOTest
pe.edu.pucp.inf30.RedPUCP.test.dao.Comunidad.ComunidadDAOTest -- Time elapsed: 2.701 s <<< ERROR!
java.lang.RuntimeException: java.lang.RuntimeException: java.sql.SQLIntegrityConstraintViolationException: Duplicate entry 'emailpreba@gmail.com' for key 'USUARIO_RP.email'
	at pe.edu.pucp.inf30.RedPUCP.daoimpl.BaseDAO.ejecutarComando(BaseDAO.java:49)
	at pe.edu.pucp.inf30.RedPUCP.daoimpl.BaseDAO.crear(BaseDAO.java:99)
	at pe.edu.pucp.inf30.RedPUCP.daoimpl.BaseDAO.crear(BaseDAO.java:20)
	at pe.edu.pucp.inf30.RedPUCP.test.dao.Comunidad.ComunidadDAOTest.inicializar(ComunidadDAOTest.java:63)
	at java.base/java.lang.reflect.Method.invoke(Method.java:580)
	at java.base/java.util.ArrayList.forEach(ArrayList.java:1596)
Caused by: java.lang.RuntimeException: java.sql.SQLIntegrityConstraintViolationException: Duplicate entry 'emailpreba@gmail.com' for key 'USUARIO_RP.email'
	at pe.edu.pucp.inf30.RedPUCP.daoimpl.BaseDAO.ejecutarComandoCrear(BaseDAO.java:73)
	at pe.edu.pucp.inf30.RedPUCP.daoimpl.BaseDAO.lambda$crear$0(BaseDAO.java:99)
	at pe.edu.pucp.inf30.RedPUCP.daoimpl.BaseDAO.ejecutarComando(BaseDAO.java:41)
	... 5 more
Caused by: java.sql.SQLIntegrityConstraintViolationException: Duplicate entry 'emailpreba@gmail.com' for key 'USUARIO_RP.email'
	at com.mysql.cj.jdbc.exceptions.SQLError.createSQLException(SQLError.java:109)
	at com.mysql.cj.jdbc.exceptions.SQLExceptionsMapping.translateException(SQLExceptionsMapping.java:114)
	at com.mysql.cj.jdbc.ClientPreparedStatement.executeInternal(ClientPreparedStatement.java:990)
	at com.mysql.cj.jdbc.ClientPreparedStatement.executeUpdateInternal(ClientPreparedStatement.java:1168)
	at com.mysql.cj.jdbc.ClientPreparedStatement.executeUpdateInternal(ClientPreparedStatement.java:1103)
	at com.mysql.cj.jdbc.ClientPreparedStatement.executeLargeUpdate(ClientPreparedStatement.java:1450)
	at com.mysql.cj.jdbc.CallableStatement.executeLargeUpdate(CallableStatement.java:2832)
	at com.mysql.cj.jdbc.CallableStatement.executeUpdate(CallableStatement.java:974)
	at pe.edu.pucp.inf30.RedPUCP.daoimpl.BaseDAO.ejecutarComandoCrear(BaseDAO.java:55)
	... 7 more

