-------------------------------------------------------------------------------
Test set: pe.edu.pucp.inf30.RedPUCP.test.dao.Usuario.Usuario_comunDAOTest
-------------------------------------------------------------------------------
Tests run: 8, Failures: 2, Errors: 0, Skipped: 0, Time elapsed: 9.542 s <<< FAILURE! -- in pe.edu.pucp.inf30.RedPUCP.test.dao.Usuario.Usuario_comunDAOTest
pe.edu.pucp.inf30.RedPUCP.test.dao.Usuario.Usuario_comunDAOTest.debeActualizarSiIdExiste -- Time elapsed: 2.027 s <<< FAILURE!
org.opentest4j.AssertionFailedError: expected: <Usuario_comunactualizado> but was: <Usuario_comun2>
	at org.junit.jupiter.api.AssertionFailureBuilder.build(AssertionFailureBuilder.java:151)
	at org.junit.jupiter.api.AssertionFailureBuilder.buildAndThrow(AssertionFailureBuilder.java:132)
	at org.junit.jupiter.api.AssertEquals.failNotEqual(AssertEquals.java:197)
	at org.junit.jupiter.api.AssertEquals.assertEquals(AssertEquals.java:182)
	at org.junit.jupiter.api.AssertEquals.assertEquals(AssertEquals.java:177)
	at org.junit.jupiter.api.Assertions.assertEquals(Assertions.java:1145)
	at pe.edu.pucp.inf30.RedPUCP.test.dao.Usuario.Usuario_comunDAOTest.debeActualizarSiIdExiste(Usuario_comunDAOTest.java:94)
	at java.base/java.lang.reflect.Method.invoke(Method.java:580)
	at java.base/java.util.ArrayList.forEach(ArrayList.java:1596)
	at java.base/java.util.ArrayList.forEach(ArrayList.java:1596)

pe.edu.pucp.inf30.RedPUCP.test.dao.Usuario.Usuario_comunDAOTest.noDebeActualizarSiIdNoExiste -- Time elapsed: 1.107 s <<< FAILURE!
org.opentest4j.AssertionFailedError: expected: <true> but was: <false>
	at org.junit.jupiter.api.AssertionFailureBuilder.build(AssertionFailureBuilder.java:151)
	at org.junit.jupiter.api.AssertionFailureBuilder.buildAndThrow(AssertionFailureBuilder.java:132)
	at org.junit.jupiter.api.AssertTrue.failNotTrue(AssertTrue.java:63)
	at org.junit.jupiter.api.AssertTrue.assertTrue(AssertTrue.java:36)
	at org.junit.jupiter.api.AssertTrue.assertTrue(AssertTrue.java:31)
	at org.junit.jupiter.api.Assertions.assertTrue(Assertions.java:183)
	at pe.edu.pucp.inf30.RedPUCP.test.dao.Usuario.Usuario_comunDAOTest.noDebeActualizarSiIdNoExiste(Usuario_comunDAOTest.java:116)
	at java.base/java.lang.reflect.Method.invoke(Method.java:580)
	at java.base/java.util.ArrayList.forEach(ArrayList.java:1596)
	at java.base/java.util.ArrayList.forEach(ArrayList.java:1596)

