-------------------------------------------------------------------------------
Test set: pe.edu.pucp.inf30.RedPUCP.test.dao.Comunidad.ComunidadDAOTest
-------------------------------------------------------------------------------
Tests run: 1, Failures: 0, Errors: 1, Skipped: 0, Time elapsed: 0.192 s <<< FAILURE! -- in pe.edu.pucp.inf30.RedPUCP.test.dao.Comunidad.ComunidadDAOTest
pe.edu.pucp.inf30.RedPUCP.test.dao.Comunidad.ComunidadDAOTest -- Time elapsed: 0.192 s <<< ERROR!
java.lang.RuntimeException: 
com.mysql.cj.jdbc.exceptions.CommunicationsException: Communications link failure

The last packet sent successfully to the server was 0 milliseconds ago. The driver has not received any packets from the server.
	at pe.edu.pucp.inf30.RedPUCP.daoimpl.BaseDAO.ejecutarComando(BaseDAO.java:45)
	at pe.edu.pucp.inf30.RedPUCP.daoimpl.BaseDAO.crear(BaseDAO.java:99)
	at pe.edu.pucp.inf30.RedPUCP.daoimpl.BaseDAO.crear(BaseDAO.java:20)
	at pe.edu.pucp.inf30.RedPUCP.test.dao.Comunidad.ComunidadDAOTest.inicializar(ComunidadDAOTest.java:59)
	at java.base/java.lang.reflect.Method.invoke(Method.java:580)
	at java.base/java.util.ArrayList.forEach(ArrayList.java:1596)
	Suppressed: java.lang.RuntimeException: com.mysql.cj.jdbc.exceptions.CommunicationsException: Communications link failure

The last packet sent successfully to the server was 0 milliseconds ago. The driver has not received any packets from the server.
		at pe.edu.pucp.inf30.RedPUCP.daoimpl.BaseDAO.ejecutarComando(BaseDAO.java:45)
		at pe.edu.pucp.inf30.RedPUCP.daoimpl.BaseDAO.eliminar(BaseDAO.java:109)
		at pe.edu.pucp.inf30.RedPUCP.daoimpl.BaseDAO.eliminar(BaseDAO.java:20)
		at pe.edu.pucp.inf30.RedPUCP.test.dao.Comunidad.ComunidadDAOTest.limpiar(ComunidadDAOTest.java:65)
		at java.base/java.lang.reflect.Method.invoke(Method.java:580)
		at java.base/java.util.ArrayList.forEach(ArrayList.java:1596)
		at java.base/java.util.Collections$UnmodifiableCollection.forEach(Collections.java:1116)
		... 1 more
	Caused by: com.mysql.cj.jdbc.exceptions.CommunicationsException: Communications link failure

The last packet sent successfully to the server was 0 milliseconds ago. The driver has not received any packets from the server.
		at com.mysql.cj.jdbc.exceptions.SQLError.createCommunicationsException(SQLError.java:165)
		at com.mysql.cj.jdbc.exceptions.SQLExceptionsMapping.translateException(SQLExceptionsMapping.java:55)
		at com.mysql.cj.jdbc.ConnectionImpl.createNewIO(ConnectionImpl.java:833)
		at com.mysql.cj.jdbc.ConnectionImpl.<init>(ConnectionImpl.java:416)
		at com.mysql.cj.jdbc.ConnectionImpl.getInstance(ConnectionImpl.java:238)
		at com.mysql.cj.jdbc.NonRegisteringDriver.connect(NonRegisteringDriver.java:180)
		at java.sql/java.sql.DriverManager.getConnection(DriverManager.java:683)
		at java.sql/java.sql.DriverManager.getConnection(DriverManager.java:230)
		at pe.edu.pucp.inf30.RedPUCP.config.DBManager.getConnection(DBManager.java:59)
		at pe.edu.pucp.inf30.RedPUCP.daoimpl.BaseDAO.ejecutarComando(BaseDAO.java:40)
		... 7 more
	Caused by: com.mysql.cj.exceptions.CJCommunicationsException: Communications link failure

The last packet sent successfully to the server was 0 milliseconds ago. The driver has not received any packets from the server.
		at java.base/java.lang.reflect.Constructor.newInstanceWithCaller(Constructor.java:502)
		at java.base/java.lang.reflect.Constructor.newInstance(Constructor.java:486)
		at com.mysql.cj.exceptions.ExceptionFactory.createException(ExceptionFactory.java:52)
		at com.mysql.cj.exceptions.ExceptionFactory.createException(ExceptionFactory.java:95)
		at com.mysql.cj.exceptions.ExceptionFactory.createException(ExceptionFactory.java:140)
		at com.mysql.cj.exceptions.ExceptionFactory.createCommunicationsException(ExceptionFactory.java:156)
		at com.mysql.cj.protocol.a.NativeSocketConnection.connect(NativeSocketConnection.java:79)
		at com.mysql.cj.NativeSession.connect(NativeSession.java:142)
		at com.mysql.cj.jdbc.ConnectionImpl.connectOneTryOnly(ConnectionImpl.java:957)
		at com.mysql.cj.jdbc.ConnectionImpl.createNewIO(ConnectionImpl.java:821)
		... 14 more
	Caused by: java.net.UnknownHostException: db-softprog3.cii3gfez6rp7.us-east-1.rds.amazonaws.com
		at java.base/java.net.InetAddress$CachedLookup.get(InetAddress.java:988)
		at java.base/java.net.InetAddress.getAllByName0(InetAddress.java:1818)
		at java.base/java.net.InetAddress.getAllByName(InetAddress.java:1688)
		at com.mysql.cj.protocol.StandardSocketFactory.connect(StandardSocketFactory.java:121)
		at com.mysql.cj.protocol.a.NativeSocketConnection.connect(NativeSocketConnection.java:53)
		... 17 more
Caused by: com.mysql.cj.jdbc.exceptions.CommunicationsException: Communications link failure

The last packet sent successfully to the server was 0 milliseconds ago. The driver has not received any packets from the server.
	at com.mysql.cj.jdbc.exceptions.SQLError.createCommunicationsException(SQLError.java:165)
	at com.mysql.cj.jdbc.exceptions.SQLExceptionsMapping.translateException(SQLExceptionsMapping.java:55)
	at com.mysql.cj.jdbc.ConnectionImpl.createNewIO(ConnectionImpl.java:833)
	at com.mysql.cj.jdbc.ConnectionImpl.<init>(ConnectionImpl.java:416)
	at com.mysql.cj.jdbc.ConnectionImpl.getInstance(ConnectionImpl.java:238)
	at com.mysql.cj.jdbc.NonRegisteringDriver.connect(NonRegisteringDriver.java:180)
	at java.sql/java.sql.DriverManager.getConnection(DriverManager.java:683)
	at java.sql/java.sql.DriverManager.getConnection(DriverManager.java:230)
	at pe.edu.pucp.inf30.RedPUCP.config.DBManager.getConnection(DBManager.java:59)
	at pe.edu.pucp.inf30.RedPUCP.daoimpl.BaseDAO.ejecutarComando(BaseDAO.java:40)
	... 5 more
Caused by: com.mysql.cj.exceptions.CJCommunicationsException: Communications link failure

The last packet sent successfully to the server was 0 milliseconds ago. The driver has not received any packets from the server.
	at java.base/java.lang.reflect.Constructor.newInstanceWithCaller(Constructor.java:502)
	at java.base/java.lang.reflect.Constructor.newInstance(Constructor.java:486)
	at com.mysql.cj.exceptions.ExceptionFactory.createException(ExceptionFactory.java:52)
	at com.mysql.cj.exceptions.ExceptionFactory.createException(ExceptionFactory.java:95)
	at com.mysql.cj.exceptions.ExceptionFactory.createException(ExceptionFactory.java:140)
	at com.mysql.cj.exceptions.ExceptionFactory.createCommunicationsException(ExceptionFactory.java:156)
	at com.mysql.cj.protocol.a.NativeSocketConnection.connect(NativeSocketConnection.java:79)
	at com.mysql.cj.NativeSession.connect(NativeSession.java:142)
	at com.mysql.cj.jdbc.ConnectionImpl.connectOneTryOnly(ConnectionImpl.java:957)
	at com.mysql.cj.jdbc.ConnectionImpl.createNewIO(ConnectionImpl.java:821)
	... 12 more
Caused by: java.net.UnknownHostException: Host desconocido (db-softprog3.cii3gfez6rp7.us-east-1.rds.amazonaws.com)
	at java.base/java.net.Inet6AddressImpl.lookupAllHostAddr(Native Method)
	at java.base/java.net.Inet6AddressImpl.lookupAllHostAddr(Inet6AddressImpl.java:52)
	at java.base/java.net.InetAddress$PlatformResolver.lookupByName(InetAddress.java:1211)
	at java.base/java.net.InetAddress.getAddressesFromNameService(InetAddress.java:1828)
	at java.base/java.net.InetAddress$NameServiceAddresses.get(InetAddress.java:1139)
	at java.base/java.net.InetAddress.getAllByName0(InetAddress.java:1818)
	at java.base/java.net.InetAddress.getAllByName(InetAddress.java:1688)
	at com.mysql.cj.protocol.StandardSocketFactory.connect(StandardSocketFactory.java:121)
	at com.mysql.cj.protocol.a.NativeSocketConnection.connect(NativeSocketConnection.java:53)
	... 15 more

