-------------------------------------------------------------------------------
Test set: pe.edu.pucp.inf30.RedPUCP.test.dao.Usuario.AdministradorDAOTest
-------------------------------------------------------------------------------
Tests run: 8, Failures: 2, Errors: 2, Skipped: 0, Time elapsed: 9.574 s <<< FAILURE! -- in pe.edu.pucp.inf30.RedPUCP.test.dao.Usuario.AdministradorDAOTest
pe.edu.pucp.inf30.RedPUCP.test.dao.Usuario.AdministradorDAOTest.debeActualizarSiIdExiste -- Time elapsed: 2.146 s <<< FAILURE!
org.opentest4j.AssertionFailedError: expected: <ADMIN2> but was: <Usuario_comun2>
	at org.junit.jupiter.api.AssertionFailureBuilder.build(AssertionFailureBuilder.java:151)
	at org.junit.jupiter.api.AssertionFailureBuilder.buildAndThrow(AssertionFailureBuilder.java:132)
	at org.junit.jupiter.api.AssertEquals.failNotEqual(AssertEquals.java:197)
	at org.junit.jupiter.api.AssertEquals.assertEquals(AssertEquals.java:182)
	at org.junit.jupiter.api.AssertEquals.assertEquals(AssertEquals.java:177)
	at org.junit.jupiter.api.Assertions.assertEquals(Assertions.java:1145)
	at pe.edu.pucp.inf30.RedPUCP.test.dao.Usuario.AdministradorDAOTest.debeActualizarSiIdExiste(AdministradorDAOTest.java:114)
	at java.base/java.lang.reflect.Method.invoke(Method.java:580)
	at java.base/java.util.ArrayList.forEach(ArrayList.java:1596)
	at java.base/java.util.ArrayList.forEach(ArrayList.java:1596)

pe.edu.pucp.inf30.RedPUCP.test.dao.Usuario.AdministradorDAOTest.noDebeActualizarSiIdNoExiste -- Time elapsed: 1.044 s <<< FAILURE!
org.opentest4j.AssertionFailedError: expected: <true> but was: <false>
	at org.junit.jupiter.api.AssertionFailureBuilder.build(AssertionFailureBuilder.java:151)
	at org.junit.jupiter.api.AssertionFailureBuilder.buildAndThrow(AssertionFailureBuilder.java:132)
	at org.junit.jupiter.api.AssertTrue.failNotTrue(AssertTrue.java:63)
	at org.junit.jupiter.api.AssertTrue.assertTrue(AssertTrue.java:36)
	at org.junit.jupiter.api.AssertTrue.assertTrue(AssertTrue.java:31)
	at org.junit.jupiter.api.Assertions.assertTrue(Assertions.java:183)
	at pe.edu.pucp.inf30.RedPUCP.test.dao.Usuario.AdministradorDAOTest.noDebeActualizarSiIdNoExiste(AdministradorDAOTest.java:140)
	at java.base/java.lang.reflect.Method.invoke(Method.java:580)
	at java.base/java.util.ArrayList.forEach(ArrayList.java:1596)
	at java.base/java.util.ArrayList.forEach(ArrayList.java:1596)

pe.edu.pucp.inf30.RedPUCP.test.dao.Usuario.AdministradorDAOTest.noDebeEliminarSiIdNoExiste -- Time elapsed: 0.857 s <<< ERROR!
java.lang.RuntimeException: java.lang.RuntimeException: java.sql.SQLException: Can't find local placeholder mapping for parameter named 'p_exito'.
	at pe.edu.pucp.inf30.RedPUCP.daoimpl.BaseDAO.ejecutarComando(BaseDAO.java:49)
	at pe.edu.pucp.inf30.RedPUCP.daoimpl.BaseDAO.eliminar(BaseDAO.java:109)
	at pe.edu.pucp.inf30.RedPUCP.daoimpl.BaseDAO.eliminar(BaseDAO.java:20)
	at pe.edu.pucp.inf30.RedPUCP.test.dao.Usuario.AdministradorDAOTest.noDebeEliminarSiIdNoExiste(AdministradorDAOTest.java:155)
	at java.base/java.lang.reflect.Method.invoke(Method.java:580)
	at java.base/java.util.ArrayList.forEach(ArrayList.java:1596)
	at java.base/java.util.ArrayList.forEach(ArrayList.java:1596)
Caused by: java.lang.RuntimeException: java.sql.SQLException: Can't find local placeholder mapping for parameter named 'p_exito'.
	at pe.edu.pucp.inf30.RedPUCP.daoimpl.BaseDAO.ejecutarComandoEliminar(BaseDAO.java:93)
	at pe.edu.pucp.inf30.RedPUCP.daoimpl.BaseDAO.lambda$eliminar$2(BaseDAO.java:109)
	at pe.edu.pucp.inf30.RedPUCP.daoimpl.BaseDAO.ejecutarComando(BaseDAO.java:41)
	... 6 more
Caused by: java.sql.SQLException: Can't find local placeholder mapping for parameter named 'p_exito'.
	at com.mysql.cj.jdbc.exceptions.SQLError.createSQLException(SQLError.java:121)
	at com.mysql.cj.jdbc.exceptions.SQLError.createSQLException(SQLError.java:89)
	at com.mysql.cj.jdbc.exceptions.SQLError.createSQLException(SQLError.java:81)
	at com.mysql.cj.jdbc.exceptions.SQLError.createSQLException(SQLError.java:55)
	at com.mysql.cj.jdbc.CallableStatement.getNamedParamIndex(CallableStatement.java:1537)
	at com.mysql.cj.jdbc.CallableStatement.registerOutParameter(CallableStatement.java:2075)
	at pe.edu.pucp.inf30.RedPUCP.daoimpl.usuario.AdministradorDAOimpl.comandoEliminar(AdministradorDAOimpl.java:68)
	at pe.edu.pucp.inf30.RedPUCP.daoimpl.usuario.AdministradorDAOimpl.comandoEliminar(AdministradorDAOimpl.java:24)
	at pe.edu.pucp.inf30.RedPUCP.daoimpl.BaseDAO.ejecutarComandoEliminar(BaseDAO.java:88)
	... 8 more

pe.edu.pucp.inf30.RedPUCP.test.dao.Usuario.AdministradorDAOTest.debeEliminarSiIdExiste -- Time elapsed: 0.859 s <<< ERROR!
java.lang.RuntimeException: java.lang.RuntimeException: java.sql.SQLException: Can't find local placeholder mapping for parameter named 'p_exito'.
	at pe.edu.pucp.inf30.RedPUCP.daoimpl.BaseDAO.ejecutarComando(BaseDAO.java:49)
	at pe.edu.pucp.inf30.RedPUCP.daoimpl.BaseDAO.eliminar(BaseDAO.java:109)
	at pe.edu.pucp.inf30.RedPUCP.daoimpl.BaseDAO.eliminar(BaseDAO.java:20)
	at pe.edu.pucp.inf30.RedPUCP.test.dao.Usuario.AdministradorDAOTest.debeEliminarSiIdExiste(AdministradorDAOTest.java:192)
	at java.base/java.lang.reflect.Method.invoke(Method.java:580)
	at java.base/java.util.ArrayList.forEach(ArrayList.java:1596)
	at java.base/java.util.ArrayList.forEach(ArrayList.java:1596)
Caused by: java.lang.RuntimeException: java.sql.SQLException: Can't find local placeholder mapping for parameter named 'p_exito'.
	at pe.edu.pucp.inf30.RedPUCP.daoimpl.BaseDAO.ejecutarComandoEliminar(BaseDAO.java:93)
	at pe.edu.pucp.inf30.RedPUCP.daoimpl.BaseDAO.lambda$eliminar$2(BaseDAO.java:109)
	at pe.edu.pucp.inf30.RedPUCP.daoimpl.BaseDAO.ejecutarComando(BaseDAO.java:41)
	... 6 more
Caused by: java.sql.SQLException: Can't find local placeholder mapping for parameter named 'p_exito'.
	at com.mysql.cj.jdbc.exceptions.SQLError.createSQLException(SQLError.java:121)
	at com.mysql.cj.jdbc.exceptions.SQLError.createSQLException(SQLError.java:89)
	at com.mysql.cj.jdbc.exceptions.SQLError.createSQLException(SQLError.java:81)
	at com.mysql.cj.jdbc.exceptions.SQLError.createSQLException(SQLError.java:55)
	at com.mysql.cj.jdbc.CallableStatement.getNamedParamIndex(CallableStatement.java:1537)
	at com.mysql.cj.jdbc.CallableStatement.registerOutParameter(CallableStatement.java:2075)
	at pe.edu.pucp.inf30.RedPUCP.daoimpl.usuario.AdministradorDAOimpl.comandoEliminar(AdministradorDAOimpl.java:68)
	at pe.edu.pucp.inf30.RedPUCP.daoimpl.usuario.AdministradorDAOimpl.comandoEliminar(AdministradorDAOimpl.java:24)
	at pe.edu.pucp.inf30.RedPUCP.daoimpl.BaseDAO.ejecutarComandoEliminar(BaseDAO.java:88)
	... 8 more

