<?xml version="1.0" encoding="UTF-8"?>
<testsuite xmlns:xsi="http://www.w3.org/2001/XMLSchema-instance" xsi:noNamespaceSchemaLocation="https://maven.apache.org/surefire/maven-surefire-plugin/xsd/surefire-test-report-3.0.xsd" version="3.0" name="pe.edu.pucp.inf30.RedPUCP.test.dao.Publicacion.PublicacionXComunidadDAOTest" time="0.065" tests="8" errors="0" skipped="0" failures="0">
  <properties>
[...]
</properties>
  <testcase name="noDebeActualizarSiIdNoExiste" classname="pe.edu.pucp.inf30.RedPUCP.test.dao.Publicacion.PublicacionXComunidadDAOTest" time="0.02"/>
  <testcase name="debeLeerSiIdExiste" classname="pe.edu.pucp.inf30.RedPUCP.test.dao.Publicacion.PublicacionXComunidadDAOTest" time="0.003"/>
  <testcase name="debeCrear" classname="pe.edu.pucp.inf30.RedPUCP.test.dao.Publicacion.PublicacionXComunidadDAOTest" time="0.007"/>
  <testcase name="noDebeLeerSiIdNoExiste" classname="pe.edu.pucp.inf30.RedPUCP.test.dao.Publicacion.PublicacionXComunidadDAOTest" time="0.002"/>
  <testcase name="noDebeEliminarSiIdNoExiste" classname="pe.edu.pucp.inf30.RedPUCP.test.dao.Publicacion.PublicacionXComunidadDAOTest" time="0.004"/>
  <testcase name="debeActualizarSiIdExiste" classname="pe.edu.pucp.inf30.RedPUCP.test.dao.Publicacion.PublicacionXComunidadDAOTest" time="0.001"/>
  <testcase name="debeLeerTodos" classname="pe.edu.pucp.inf30.RedPUCP.test.dao.Publicacion.PublicacionXComunidadDAOTest" time="0.001"/>
  <testcase name="debeEliminarSiIdExiste" classname="pe.edu.pucp.inf30.RedPUCP.test.dao.Publicacion.PublicacionXComunidadDAOTest" time="0.001"/>
</testsuite>